<?xml version="1.0" encoding="UTF-8"?>
<coverage generated="1633098237467" clover="3.2.0">
  <project timestamp="1633098237467" name="All files">
    <metrics statements="33" coveredstatements="32" conditionals="4" coveredconditionals="3" methods="13" coveredmethods="13" elements="50" coveredelements="48" complexity="0" loc="33" ncloc="33" packages="1" files="3" classes="3"/>
    <file name="dataModel.js" path="D:\Microverse\Web-Todos-list\src\dataModel.js">
      <metrics statements="15" coveredstatements="15" conditionals="0" coveredconditionals="0" methods="5" coveredmethods="5"/>
      <line num="5" count="8" type="stmt"/>
      <line num="6" count="8" type="stmt"/>
      <line num="7" count="8" type="stmt"/>
      <line num="11" count="3" type="stmt"/>
      <line num="12" count="3" type="stmt"/>
      <line num="13" count="3" type="stmt"/>
      <line num="14" count="3" type="stmt"/>
      <line num="18" count="2" type="stmt"/>
      <line num="19" count="2" type="stmt"/>
      <line num="20" count="2" type="stmt"/>
      <line num="21" count="2" type="stmt"/>
      <line num="22" count="2" type="stmt"/>
      <line num="23" count="3" type="stmt"/>
      <line num="24" count="3" type="stmt"/>
      <line num="26" count="2" type="stmt"/>
    </file>
    <file name="isCompleted.js" path="D:\Microverse\Web-Todos-list\src\isCompleted.js">
      <metrics statements="16" coveredstatements="15" conditionals="2" coveredconditionals="1" methods="6" coveredmethods="6"/>
      <line num="3" count="1" type="stmt"/>
      <line num="4" count="1" type="stmt"/>
      <line num="5" count="1" type="stmt"/>
      <line num="6" count="1" type="cond" truecount="1" falsecount="1"/>
      <line num="7" count="1" type="stmt"/>
      <line num="9" count="0" type="stmt"/>
      <line num="11" count="1" type="stmt"/>
      <line num="14" count="1" type="stmt"/>
      <line num="15" count="1" type="stmt"/>
      <line num="16" count="1" type="stmt"/>
      <line num="17" count="1" type="stmt"/>
      <line num="18" count="1" type="stmt"/>
      <line num="21" count="1" type="stmt"/>
      <line num="22" count="1" type="stmt"/>
      <line num="23" count="1" type="stmt"/>
      <line num="24" count="1" type="stmt"/>
    </file>
    <file name="localStorageHandler.js" path="D:\Microverse\Web-Todos-list\src\localStorageHandler.js">
      <metrics statements="2" coveredstatements="2" conditionals="2" coveredconditionals="2" methods="2" coveredmethods="2"/>
      <line num="1" count="8" type="cond" truecount="2" falsecount="0"/>
      <line num="3" count="8" type="stmt"/>
    </file>
  </project>
</coverage>
