{"D:\\Microverse\\Web-Todos-list\\src\\dataModel.js": {"path":"D:\\Microverse\\Web-Todos-list\\src\\dataModel.js","statementMap":{"0":{"start":{"line":5,"column":4},"end":{"line":5,"column":35}},"1":{"start":{"line":6,"column":4},"end":{"line":6,"column":23}},"2":{"start":{"line":7,"column":4},"end":{"line":7,"column":31}},"3":{"start":{"line":11,"column":17},"end":{"line":11,"column":26}},"4":{"start":{"line":12,"column":20},"end":{"line":12,"column":74}},"5":{"start":{"line":13,"column":4},"end":{"line":13,"column":23}},"6":{"start":{"line":14,"column":4},"end":{"line":14,"column":19}},"7":{"start":{"line":15,"column":4},"end":{"line":15,"column":18}},"8":{"start":{"line":19,"column":17},"end":{"line":19,"column":26}},"9":{"start":{"line":20,"column":18},"end":{"line":20,"column":69}},"10":{"start":{"line":20,"column":43},"end":{"line":20,"column":68}},"11":{"start":{"line":21,"column":4},"end":{"line":21,"column":26}},"12":{"start":{"line":22,"column":12},"end":{"line":22,"column":13}},"13":{"start":{"line":23,"column":4},"end":{"line":26,"column":7}},"14":{"start":{"line":24,"column":6},"end":{"line":24,"column":21}},"15":{"start":{"line":25,"column":6},"end":{"line":25,"column":13}},"16":{"start":{"line":27,"column":4},"end":{"line":27,"column":19}}},"fnMap":{"0":{"name":"(anonymous_0)","decl":{"start":{"line":4,"column":2},"end":{"line":4,"column":3}},"loc":{"start":{"line":4,"column":45},"end":{"line":8,"column":3}},"line":4},"1":{"name":"(anonymous_1)","decl":{"start":{"line":10,"column":2},"end":{"line":10,"column":3}},"loc":{"start":{"line":10,"column":15},"end":{"line":16,"column":3}},"line":10},"2":{"name":"(anonymous_2)","decl":{"start":{"line":18,"column":2},"end":{"line":18,"column":3}},"loc":{"start":{"line":18,"column":15},"end":{"line":28,"column":3}},"line":18},"3":{"name":"(anonymous_3)","decl":{"start":{"line":20,"column":33},"end":{"line":20,"column":34}},"loc":{"start":{"line":20,"column":43},"end":{"line":20,"column":68}},"line":20},"4":{"name":"(anonymous_4)","decl":{"start":{"line":23,"column":17},"end":{"line":23,"column":18}},"loc":{"start":{"line":23,"column":27},"end":{"line":26,"column":5}},"line":23}},"branchMap":{},"s":{"0":1,"1":1,"2":1,"3":0,"4":0,"5":0,"6":0,"7":0,"8":0,"9":0,"10":0,"11":0,"12":0,"13":0,"14":0,"15":0,"16":0},"f":{"0":1,"1":0,"2":0,"3":0,"4":0},"b":{},"_coverageSchema":"1a1c01bbd47fc00a2c39e90264f33305004495a9","hash":"51373967621ce2fc004420fefad78b921537db32"}
,"D:\\Microverse\\Web-Todos-list\\src\\localStorageHandler.js": {"path":"D:\\Microverse\\Web-Todos-list\\src\\localStorageHandler.js","statementMap":{"0":{"start":{"line":1,"column":23},"end":{"line":1,"column":76}},"1":{"start":{"line":1,"column":29},"end":{"line":1,"column":76}},"2":{"start":{"line":3,"column":24},"end":{"line":3,"column":85}},"3":{"start":{"line":3,"column":34},"end":{"line":3,"column":85}}},"fnMap":{"0":{"name":"(anonymous_0)","decl":{"start":{"line":1,"column":23},"end":{"line":1,"column":24}},"loc":{"start":{"line":1,"column":29},"end":{"line":1,"column":76}},"line":1},"1":{"name":"(anonymous_1)","decl":{"start":{"line":3,"column":24},"end":{"line":3,"column":25}},"loc":{"start":{"line":3,"column":34},"end":{"line":3,"column":85}},"line":3}},"branchMap":{"0":{"loc":{"start":{"line":1,"column":29},"end":{"line":1,"column":76}},"type":"binary-expr","locations":[{"start":{"line":1,"column":29},"end":{"line":1,"column":70}},{"start":{"line":1,"column":74},"end":{"line":1,"column":76}}],"line":1}},"s":{"0":1,"1":0,"2":1,"3":0},"f":{"0":0,"1":0},"b":{"0":[0,0]},"_coverageSchema":"1a1c01bbd47fc00a2c39e90264f33305004495a9","hash":"e79a0f423a484f89304209c4757b42c4f266c96e"}
}
