{"D:\\Microverse\\Web-Todos-list\\src\\dataModel.js": {"path":"D:\\Microverse\\Web-Todos-list\\src\\dataModel.js","statementMap":{"0":{"start":{"line":5,"column":4},"end":{"line":5,"column":35}},"1":{"start":{"line":6,"column":4},"end":{"line":6,"column":23}},"2":{"start":{"line":7,"column":4},"end":{"line":7,"column":31}},"3":{"start":{"line":11,"column":17},"end":{"line":11,"column":26}},"4":{"start":{"line":12,"column":20},"end":{"line":12,"column":74}},"5":{"start":{"line":13,"column":4},"end":{"line":13,"column":23}},"6":{"start":{"line":14,"column":4},"end":{"line":14,"column":19}},"7":{"start":{"line":18,"column":17},"end":{"line":18,"column":26}},"8":{"start":{"line":19,"column":18},"end":{"line":19,"column":69}},"9":{"start":{"line":19,"column":43},"end":{"line":19,"column":68}},"10":{"start":{"line":20,"column":4},"end":{"line":20,"column":26}},"11":{"start":{"line":21,"column":12},"end":{"line":21,"column":13}},"12":{"start":{"line":22,"column":4},"end":{"line":25,"column":7}},"13":{"start":{"line":23,"column":6},"end":{"line":23,"column":21}},"14":{"start":{"line":24,"column":6},"end":{"line":24,"column":13}},"15":{"start":{"line":26,"column":4},"end":{"line":26,"column":19}}},"fnMap":{"0":{"name":"(anonymous_0)","decl":{"start":{"line":4,"column":2},"end":{"line":4,"column":3}},"loc":{"start":{"line":4,"column":45},"end":{"line":8,"column":3}},"line":4},"1":{"name":"(anonymous_1)","decl":{"start":{"line":10,"column":2},"end":{"line":10,"column":3}},"loc":{"start":{"line":10,"column":15},"end":{"line":15,"column":3}},"line":10},"2":{"name":"(anonymous_2)","decl":{"start":{"line":17,"column":2},"end":{"line":17,"column":3}},"loc":{"start":{"line":17,"column":15},"end":{"line":27,"column":3}},"line":17},"3":{"name":"(anonymous_3)","decl":{"start":{"line":19,"column":33},"end":{"line":19,"column":34}},"loc":{"start":{"line":19,"column":43},"end":{"line":19,"column":68}},"line":19},"4":{"name":"(anonymous_4)","decl":{"start":{"line":22,"column":17},"end":{"line":22,"column":18}},"loc":{"start":{"line":22,"column":27},"end":{"line":25,"column":5}},"line":22}},"branchMap":{},"s":{"0":8,"1":8,"2":8,"3":3,"4":3,"5":3,"6":3,"7":2,"8":2,"9":2,"10":2,"11":2,"12":2,"13":3,"14":3,"15":2},"f":{"0":8,"1":3,"2":2,"3":2,"4":3},"b":{},"_coverageSchema":"1a1c01bbd47fc00a2c39e90264f33305004495a9","hash":"4593c54946c9af7b60339533530afba937db10ca"}
,"D:\\Microverse\\Web-Todos-list\\src\\isCompleted.js": {"path":"D:\\Microverse\\Web-Todos-list\\src\\isCompleted.js","statementMap":{"0":{"start":{"line":3,"column":27},"end":{"line":12,"column":1}},"1":{"start":{"line":4,"column":15},"end":{"line":4,"column":24}},"2":{"start":{"line":5,"column":16},"end":{"line":5,"column":58}},"3":{"start":{"line":5,"column":41},"end":{"line":5,"column":57}},"4":{"start":{"line":6,"column":2},"end":{"line":10,"column":3}},"5":{"start":{"line":7,"column":4},"end":{"line":7,"column":33}},"6":{"start":{"line":9,"column":4},"end":{"line":9,"column":34}},"7":{"start":{"line":11,"column":2},"end":{"line":11,"column":17}},"8":{"start":{"line":14,"column":22},"end":{"line":19,"column":1}},"9":{"start":{"line":15,"column":15},"end":{"line":15,"column":24}},"10":{"start":{"line":16,"column":16},"end":{"line":16,"column":58}},"11":{"start":{"line":16,"column":41},"end":{"line":16,"column":57}},"12":{"start":{"line":17,"column":2},"end":{"line":17,"column":34}},"13":{"start":{"line":18,"column":2},"end":{"line":18,"column":17}},"14":{"start":{"line":21,"column":30},"end":{"line":25,"column":1}},"15":{"start":{"line":22,"column":15},"end":{"line":22,"column":24}},"16":{"start":{"line":23,"column":18},"end":{"line":23,"column":64}},"17":{"start":{"line":23,"column":40},"end":{"line":23,"column":63}},"18":{"start":{"line":24,"column":2},"end":{"line":24,"column":20}}},"fnMap":{"0":{"name":"(anonymous_0)","decl":{"start":{"line":3,"column":27},"end":{"line":3,"column":28}},"loc":{"start":{"line":3,"column":34},"end":{"line":12,"column":1}},"line":3},"1":{"name":"(anonymous_1)","decl":{"start":{"line":5,"column":31},"end":{"line":5,"column":32}},"loc":{"start":{"line":5,"column":41},"end":{"line":5,"column":57}},"line":5},"2":{"name":"(anonymous_2)","decl":{"start":{"line":14,"column":22},"end":{"line":14,"column":23}},"loc":{"start":{"line":14,"column":36},"end":{"line":19,"column":1}},"line":14},"3":{"name":"(anonymous_3)","decl":{"start":{"line":16,"column":31},"end":{"line":16,"column":32}},"loc":{"start":{"line":16,"column":41},"end":{"line":16,"column":57}},"line":16},"4":{"name":"(anonymous_4)","decl":{"start":{"line":21,"column":30},"end":{"line":21,"column":31}},"loc":{"start":{"line":21,"column":36},"end":{"line":25,"column":1}},"line":21},"5":{"name":"(anonymous_5)","decl":{"start":{"line":23,"column":30},"end":{"line":23,"column":31}},"loc":{"start":{"line":23,"column":40},"end":{"line":23,"column":63}},"line":23}},"branchMap":{"0":{"loc":{"start":{"line":6,"column":2},"end":{"line":10,"column":3}},"type":"if","locations":[{"start":{"line":6,"column":2},"end":{"line":10,"column":3}},{"start":{"line":6,"column":2},"end":{"line":10,"column":3}}],"line":6}},"s":{"0":1,"1":1,"2":1,"3":1,"4":1,"5":1,"6":0,"7":1,"8":1,"9":1,"10":1,"11":1,"12":1,"13":1,"14":1,"15":1,"16":1,"17":1,"18":1},"f":{"0":1,"1":1,"2":1,"3":1,"4":1,"5":1},"b":{"0":[1,0]},"_coverageSchema":"1a1c01bbd47fc00a2c39e90264f33305004495a9","hash":"6dc069547a23310722c5df3a369a798da7e85387"}
,"D:\\Microverse\\Web-Todos-list\\src\\localStorageHandler.js": {"path":"D:\\Microverse\\Web-Todos-list\\src\\localStorageHandler.js","statementMap":{"0":{"start":{"line":1,"column":23},"end":{"line":1,"column":76}},"1":{"start":{"line":1,"column":29},"end":{"line":1,"column":76}},"2":{"start":{"line":3,"column":24},"end":{"line":3,"column":85}},"3":{"start":{"line":3,"column":34},"end":{"line":3,"column":85}}},"fnMap":{"0":{"name":"(anonymous_0)","decl":{"start":{"line":1,"column":23},"end":{"line":1,"column":24}},"loc":{"start":{"line":1,"column":29},"end":{"line":1,"column":76}},"line":1},"1":{"name":"(anonymous_1)","decl":{"start":{"line":3,"column":24},"end":{"line":3,"column":25}},"loc":{"start":{"line":3,"column":34},"end":{"line":3,"column":85}},"line":3}},"branchMap":{"0":{"loc":{"start":{"line":1,"column":29},"end":{"line":1,"column":76}},"type":"binary-expr","locations":[{"start":{"line":1,"column":29},"end":{"line":1,"column":70}},{"start":{"line":1,"column":74},"end":{"line":1,"column":76}}],"line":1}},"s":{"0":1,"1":8,"2":1,"3":8},"f":{"0":8,"1":8},"b":{"0":[8,1]},"_coverageSchema":"1a1c01bbd47fc00a2c39e90264f33305004495a9","hash":"e79a0f423a484f89304209c4757b42c4f266c96e"}
}
